<?xml version="1.0" encoding="UTF-8"?>
<testng-results skipped="0" failed="0" ignored="0" total="1" passed="1">
  <reporter-output>
  </reporter-output>
  <suite name="Suite" duration-ms="3356" started-at="2018-09-05T12:31:01Z" finished-at="2018-09-05T12:31:05Z">
    <groups>
    </groups>
    <test name="TestNg" duration-ms="3356" started-at="2018-09-05T12:31:01Z" finished-at="2018-09-05T12:31:05Z">
      <class name="com.Optile.TestNg.Testng">
        <test-method status="PASS" signature="beforeClass()[pri:0, instance:com.Optile.TestNg.Testng@3aeaafa6]" name="beforeClass" is-config="true" duration-ms="3314" started-at="2018-09-05T12:31:01Z" finished-at="2018-09-05T12:31:05Z">
          <reporter-output>
          </reporter-output>
        </test-method> <!-- beforeClass -->
        <test-method status="PASS" signature="f()[pri:0, instance:com.Optile.TestNg.Testng@3aeaafa6]" name="f" duration-ms="11" started-at="2018-09-05T12:31:05Z" finished-at="2018-09-05T12:31:05Z">
          <reporter-output>
          </reporter-output>
        </test-method> <!-- f -->
      </class> <!-- com.Optile.TestNg.Testng -->
    </test> <!-- TestNg -->
  </suite> <!-- Suite -->
</testng-results>
